Start testing: Mar 04 18:31 CET
----------------------------------------------------------
1/25 Testing: EmptyTree.InsertNode
1/25 Test: EmptyTree.InsertNode
Command: "/home/filipjanuska/Desktop/IVS_Projekt_1/assignment/build/black_box_test" "--gtest_filter=EmptyTree.InsertNode"
Directory: /home/filipjanuska/Desktop/IVS_Projekt_1/assignment/build
"EmptyTree.InsertNode" start time: Mar 04 18:31 CET
Output:
----------------------------------------------------------
Running main() from /home/filipjanuska/Desktop/IVS_Projekt_1/assignment/build/googletest-master/googletest/src/gtest_main.cc
Note: Google Test filter = EmptyTree.InsertNode
[==========] Running 1 test from 1 test suite.
[----------] Global test environment set-up.
[----------] 1 test from EmptyTree
[ RUN      ] EmptyTree.InsertNode
[       OK ] EmptyTree.InsertNode (0 ms)
[----------] 1 test from EmptyTree (0 ms total)

[----------] Global test environment tear-down
[==========] 1 test from 1 test suite ran. (0 ms total)
[  PASSED  ] 1 test.
<end of output>
Test time =   0.01 sec
----------------------------------------------------------
Test Passed.
"EmptyTree.InsertNode" end time: Mar 04 18:31 CET
"EmptyTree.InsertNode" time elapsed: 00:00:00
----------------------------------------------------------

2/25 Testing: EmptyTree.DeleteNode
2/25 Test: EmptyTree.DeleteNode
Command: "/home/filipjanuska/Desktop/IVS_Projekt_1/assignment/build/black_box_test" "--gtest_filter=EmptyTree.DeleteNode"
Directory: /home/filipjanuska/Desktop/IVS_Projekt_1/assignment/build
"EmptyTree.DeleteNode" start time: Mar 04 18:31 CET
Output:
----------------------------------------------------------
Running main() from /home/filipjanuska/Desktop/IVS_Projekt_1/assignment/build/googletest-master/googletest/src/gtest_main.cc
Note: Google Test filter = EmptyTree.DeleteNode
[==========] Running 1 test from 1 test suite.
[----------] Global test environment set-up.
[----------] 1 test from EmptyTree
[ RUN      ] EmptyTree.DeleteNode
[       OK ] EmptyTree.DeleteNode (0 ms)
[----------] 1 test from EmptyTree (0 ms total)

[----------] Global test environment tear-down
[==========] 1 test from 1 test suite ran. (0 ms total)
[  PASSED  ] 1 test.
<end of output>
Test time =   0.01 sec
----------------------------------------------------------
Test Passed.
"EmptyTree.DeleteNode" end time: Mar 04 18:31 CET
"EmptyTree.DeleteNode" time elapsed: 00:00:00
----------------------------------------------------------

3/25 Testing: EmptyTree.FindNode
3/25 Test: EmptyTree.FindNode
Command: "/home/filipjanuska/Desktop/IVS_Projekt_1/assignment/build/black_box_test" "--gtest_filter=EmptyTree.FindNode"
Directory: /home/filipjanuska/Desktop/IVS_Projekt_1/assignment/build
"EmptyTree.FindNode" start time: Mar 04 18:31 CET
Output:
----------------------------------------------------------
Running main() from /home/filipjanuska/Desktop/IVS_Projekt_1/assignment/build/googletest-master/googletest/src/gtest_main.cc
Note: Google Test filter = EmptyTree.FindNode
[==========] Running 1 test from 1 test suite.
[----------] Global test environment set-up.
[----------] 1 test from EmptyTree
[ RUN      ] EmptyTree.FindNode
[       OK ] EmptyTree.FindNode (1 ms)
[----------] 1 test from EmptyTree (1 ms total)

[----------] Global test environment tear-down
[==========] 1 test from 1 test suite ran. (1 ms total)
[  PASSED  ] 1 test.
<end of output>
Test time =   0.00 sec
----------------------------------------------------------
Test Passed.
"EmptyTree.FindNode" end time: Mar 04 18:31 CET
"EmptyTree.FindNode" time elapsed: 00:00:00
----------------------------------------------------------

4/25 Testing: NonEmptyTree.InsertNode
4/25 Test: NonEmptyTree.InsertNode
Command: "/home/filipjanuska/Desktop/IVS_Projekt_1/assignment/build/black_box_test" "--gtest_filter=NonEmptyTree.InsertNode"
Directory: /home/filipjanuska/Desktop/IVS_Projekt_1/assignment/build
"NonEmptyTree.InsertNode" start time: Mar 04 18:31 CET
Output:
----------------------------------------------------------
Running main() from /home/filipjanuska/Desktop/IVS_Projekt_1/assignment/build/googletest-master/googletest/src/gtest_main.cc
Note: Google Test filter = NonEmptyTree.InsertNode
[==========] Running 1 test from 1 test suite.
[----------] Global test environment set-up.
[----------] 1 test from NonEmptyTree
[ RUN      ] NonEmptyTree.InsertNode
[       OK ] NonEmptyTree.InsertNode (0 ms)
[----------] 1 test from NonEmptyTree (0 ms total)

[----------] Global test environment tear-down
[==========] 1 test from 1 test suite ran. (0 ms total)
[  PASSED  ] 1 test.
<end of output>
Test time =   0.00 sec
----------------------------------------------------------
Test Passed.
"NonEmptyTree.InsertNode" end time: Mar 04 18:31 CET
"NonEmptyTree.InsertNode" time elapsed: 00:00:00
----------------------------------------------------------

5/25 Testing: NonEmptyTree.DeleteNode
5/25 Test: NonEmptyTree.DeleteNode
Command: "/home/filipjanuska/Desktop/IVS_Projekt_1/assignment/build/black_box_test" "--gtest_filter=NonEmptyTree.DeleteNode"
Directory: /home/filipjanuska/Desktop/IVS_Projekt_1/assignment/build
"NonEmptyTree.DeleteNode" start time: Mar 04 18:31 CET
Output:
----------------------------------------------------------
Running main() from /home/filipjanuska/Desktop/IVS_Projekt_1/assignment/build/googletest-master/googletest/src/gtest_main.cc
Note: Google Test filter = NonEmptyTree.DeleteNode
[==========] Running 1 test from 1 test suite.
[----------] Global test environment set-up.
[----------] 1 test from NonEmptyTree
[ RUN      ] NonEmptyTree.DeleteNode
[       OK ] NonEmptyTree.DeleteNode (0 ms)
[----------] 1 test from NonEmptyTree (0 ms total)

[----------] Global test environment tear-down
[==========] 1 test from 1 test suite ran. (0 ms total)
[  PASSED  ] 1 test.
<end of output>
Test time =   0.00 sec
----------------------------------------------------------
Test Passed.
"NonEmptyTree.DeleteNode" end time: Mar 04 18:31 CET
"NonEmptyTree.DeleteNode" time elapsed: 00:00:00
----------------------------------------------------------

6/25 Testing: NonEmptyTree.FindNode
6/25 Test: NonEmptyTree.FindNode
Command: "/home/filipjanuska/Desktop/IVS_Projekt_1/assignment/build/black_box_test" "--gtest_filter=NonEmptyTree.FindNode"
Directory: /home/filipjanuska/Desktop/IVS_Projekt_1/assignment/build
"NonEmptyTree.FindNode" start time: Mar 04 18:31 CET
Output:
----------------------------------------------------------
Running main() from /home/filipjanuska/Desktop/IVS_Projekt_1/assignment/build/googletest-master/googletest/src/gtest_main.cc
Note: Google Test filter = NonEmptyTree.FindNode
[==========] Running 1 test from 1 test suite.
[----------] Global test environment set-up.
[----------] 1 test from NonEmptyTree
[ RUN      ] NonEmptyTree.FindNode
[       OK ] NonEmptyTree.FindNode (0 ms)
[----------] 1 test from NonEmptyTree (0 ms total)

[----------] Global test environment tear-down
[==========] 1 test from 1 test suite ran. (0 ms total)
[  PASSED  ] 1 test.
<end of output>
Test time =   0.00 sec
----------------------------------------------------------
Test Passed.
"NonEmptyTree.FindNode" end time: Mar 04 18:31 CET
"NonEmptyTree.FindNode" time elapsed: 00:00:00
----------------------------------------------------------

7/25 Testing: TreeAxioms.Axiom1
7/25 Test: TreeAxioms.Axiom1
Command: "/home/filipjanuska/Desktop/IVS_Projekt_1/assignment/build/black_box_test" "--gtest_filter=TreeAxioms.Axiom1"
Directory: /home/filipjanuska/Desktop/IVS_Projekt_1/assignment/build
"TreeAxioms.Axiom1" start time: Mar 04 18:31 CET
Output:
----------------------------------------------------------
Running main() from /home/filipjanuska/Desktop/IVS_Projekt_1/assignment/build/googletest-master/googletest/src/gtest_main.cc
Note: Google Test filter = TreeAxioms.Axiom1
[==========] Running 1 test from 1 test suite.
[----------] Global test environment set-up.
[----------] 1 test from TreeAxioms
[ RUN      ] TreeAxioms.Axiom1
[       OK ] TreeAxioms.Axiom1 (0 ms)
[----------] 1 test from TreeAxioms (0 ms total)

[----------] Global test environment tear-down
[==========] 1 test from 1 test suite ran. (0 ms total)
[  PASSED  ] 1 test.
<end of output>
Test time =   0.00 sec
----------------------------------------------------------
Test Passed.
"TreeAxioms.Axiom1" end time: Mar 04 18:31 CET
"TreeAxioms.Axiom1" time elapsed: 00:00:00
----------------------------------------------------------

8/25 Testing: TreeAxioms.Axiom2
8/25 Test: TreeAxioms.Axiom2
Command: "/home/filipjanuska/Desktop/IVS_Projekt_1/assignment/build/black_box_test" "--gtest_filter=TreeAxioms.Axiom2"
Directory: /home/filipjanuska/Desktop/IVS_Projekt_1/assignment/build
"TreeAxioms.Axiom2" start time: Mar 04 18:31 CET
Output:
----------------------------------------------------------
Running main() from /home/filipjanuska/Desktop/IVS_Projekt_1/assignment/build/googletest-master/googletest/src/gtest_main.cc
Note: Google Test filter = TreeAxioms.Axiom2
[==========] Running 1 test from 1 test suite.
[----------] Global test environment set-up.
[----------] 1 test from TreeAxioms
[ RUN      ] TreeAxioms.Axiom2
[       OK ] TreeAxioms.Axiom2 (0 ms)
[----------] 1 test from TreeAxioms (0 ms total)

[----------] Global test environment tear-down
[==========] 1 test from 1 test suite ran. (0 ms total)
[  PASSED  ] 1 test.
<end of output>
Test time =   0.00 sec
----------------------------------------------------------
Test Passed.
"TreeAxioms.Axiom2" end time: Mar 04 18:31 CET
"TreeAxioms.Axiom2" time elapsed: 00:00:00
----------------------------------------------------------

9/25 Testing: TreeAxioms.Axiom3
9/25 Test: TreeAxioms.Axiom3
Command: "/home/filipjanuska/Desktop/IVS_Projekt_1/assignment/build/black_box_test" "--gtest_filter=TreeAxioms.Axiom3"
Directory: /home/filipjanuska/Desktop/IVS_Projekt_1/assignment/build
"TreeAxioms.Axiom3" start time: Mar 04 18:31 CET
Output:
----------------------------------------------------------
Running main() from /home/filipjanuska/Desktop/IVS_Projekt_1/assignment/build/googletest-master/googletest/src/gtest_main.cc
Note: Google Test filter = TreeAxioms.Axiom3
[==========] Running 1 test from 1 test suite.
[----------] Global test environment set-up.
[----------] 1 test from TreeAxioms
[ RUN      ] TreeAxioms.Axiom3
[       OK ] TreeAxioms.Axiom3 (0 ms)
[----------] 1 test from TreeAxioms (0 ms total)

[----------] Global test environment tear-down
[==========] 1 test from 1 test suite ran. (0 ms total)
[  PASSED  ] 1 test.
<end of output>
Test time =   0.00 sec
----------------------------------------------------------
Test Passed.
"TreeAxioms.Axiom3" end time: Mar 04 18:31 CET
"TreeAxioms.Axiom3" time elapsed: 00:00:00
----------------------------------------------------------

10/25 Testing: Initial.construct
10/25 Test: Initial.construct
Command: "/home/filipjanuska/Desktop/IVS_Projekt_1/assignment/build/white_box_test" "--gtest_filter=Initial.construct"
Directory: /home/filipjanuska/Desktop/IVS_Projekt_1/assignment/build
"Initial.construct" start time: Mar 04 18:31 CET
Output:
----------------------------------------------------------
Running main() from /home/filipjanuska/Desktop/IVS_Projekt_1/assignment/build/googletest-master/googletest/src/gtest_main.cc
Note: Google Test filter = Initial.construct
[==========] Running 1 test from 1 test suite.
[----------] Global test environment set-up.
[----------] 1 test from Initial
[ RUN      ] Initial.construct
[       OK ] Initial.construct (13 ms)
[----------] 1 test from Initial (13 ms total)

[----------] Global test environment tear-down
[==========] 1 test from 1 test suite ran. (13 ms total)
[  PASSED  ] 1 test.
<end of output>
Test time =   0.02 sec
----------------------------------------------------------
Test Passed.
"Initial.construct" end time: Mar 04 18:31 CET
"Initial.construct" time elapsed: 00:00:00
----------------------------------------------------------

11/25 Testing: Matica.set
11/25 Test: Matica.set
Command: "/home/filipjanuska/Desktop/IVS_Projekt_1/assignment/build/white_box_test" "--gtest_filter=Matica.set"
Directory: /home/filipjanuska/Desktop/IVS_Projekt_1/assignment/build
"Matica.set" start time: Mar 04 18:31 CET
Output:
----------------------------------------------------------
Running main() from /home/filipjanuska/Desktop/IVS_Projekt_1/assignment/build/googletest-master/googletest/src/gtest_main.cc
Note: Google Test filter = Matica.set
[==========] Running 1 test from 1 test suite.
[----------] Global test environment set-up.
[----------] 1 test from Matica
[ RUN      ] Matica.set
[       OK ] Matica.set (5 ms)
[----------] 1 test from Matica (5 ms total)

[----------] Global test environment tear-down
[==========] 1 test from 1 test suite ran. (5 ms total)
[  PASSED  ] 1 test.
<end of output>
Test time =   0.01 sec
----------------------------------------------------------
Test Passed.
"Matica.set" end time: Mar 04 18:31 CET
"Matica.set" time elapsed: 00:00:00
----------------------------------------------------------

12/25 Testing: Matica.set_vector
12/25 Test: Matica.set_vector
Command: "/home/filipjanuska/Desktop/IVS_Projekt_1/assignment/build/white_box_test" "--gtest_filter=Matica.set_vector"
Directory: /home/filipjanuska/Desktop/IVS_Projekt_1/assignment/build
"Matica.set_vector" start time: Mar 04 18:31 CET
Output:
----------------------------------------------------------
Running main() from /home/filipjanuska/Desktop/IVS_Projekt_1/assignment/build/googletest-master/googletest/src/gtest_main.cc
Note: Google Test filter = Matica.set_vector
[==========] Running 1 test from 1 test suite.
[----------] Global test environment set-up.
[----------] 1 test from Matica
[ RUN      ] Matica.set_vector
[       OK ] Matica.set_vector (5 ms)
[----------] 1 test from Matica (5 ms total)

[----------] Global test environment tear-down
[==========] 1 test from 1 test suite ran. (5 ms total)
[  PASSED  ] 1 test.
<end of output>
Test time =   0.01 sec
----------------------------------------------------------
Test Passed.
"Matica.set_vector" end time: Mar 04 18:31 CET
"Matica.set_vector" time elapsed: 00:00:00
----------------------------------------------------------

13/25 Testing: Matica.get
13/25 Test: Matica.get
Command: "/home/filipjanuska/Desktop/IVS_Projekt_1/assignment/build/white_box_test" "--gtest_filter=Matica.get"
Directory: /home/filipjanuska/Desktop/IVS_Projekt_1/assignment/build
"Matica.get" start time: Mar 04 18:31 CET
Output:
----------------------------------------------------------
Running main() from /home/filipjanuska/Desktop/IVS_Projekt_1/assignment/build/googletest-master/googletest/src/gtest_main.cc
Note: Google Test filter = Matica.get
[==========] Running 1 test from 1 test suite.
[----------] Global test environment set-up.
[----------] 1 test from Matica
[ RUN      ] Matica.get
[       OK ] Matica.get (5 ms)
[----------] 1 test from Matica (5 ms total)

[----------] Global test environment tear-down
[==========] 1 test from 1 test suite ran. (5 ms total)
[  PASSED  ] 1 test.
<end of output>
Test time =   0.01 sec
----------------------------------------------------------
Test Passed.
"Matica.get" end time: Mar 04 18:31 CET
"Matica.get" time elapsed: 00:00:00
----------------------------------------------------------

14/25 Testing: Matica.compare
14/25 Test: Matica.compare
Command: "/home/filipjanuska/Desktop/IVS_Projekt_1/assignment/build/white_box_test" "--gtest_filter=Matica.compare"
Directory: /home/filipjanuska/Desktop/IVS_Projekt_1/assignment/build
"Matica.compare" start time: Mar 04 18:31 CET
Output:
----------------------------------------------------------
Running main() from /home/filipjanuska/Desktop/IVS_Projekt_1/assignment/build/googletest-master/googletest/src/gtest_main.cc
Note: Google Test filter = Matica.compare
[==========] Running 1 test from 1 test suite.
[----------] Global test environment set-up.
[----------] 1 test from Matica
[ RUN      ] Matica.compare
[       OK ] Matica.compare (193 ms)
[----------] 1 test from Matica (193 ms total)

[----------] Global test environment tear-down
[==========] 1 test from 1 test suite ran. (193 ms total)
[  PASSED  ] 1 test.
<end of output>
Test time =   0.20 sec
----------------------------------------------------------
Test Passed.
"Matica.compare" end time: Mar 04 18:31 CET
"Matica.compare" time elapsed: 00:00:00
----------------------------------------------------------

15/25 Testing: Matica.add
15/25 Test: Matica.add
Command: "/home/filipjanuska/Desktop/IVS_Projekt_1/assignment/build/white_box_test" "--gtest_filter=Matica.add"
Directory: /home/filipjanuska/Desktop/IVS_Projekt_1/assignment/build
"Matica.add" start time: Mar 04 18:31 CET
Output:
----------------------------------------------------------
Running main() from /home/filipjanuska/Desktop/IVS_Projekt_1/assignment/build/googletest-master/googletest/src/gtest_main.cc
Note: Google Test filter = Matica.add
[==========] Running 1 test from 1 test suite.
[----------] Global test environment set-up.
[----------] 1 test from Matica
[ RUN      ] Matica.add
[       OK ] Matica.add (5 ms)
[----------] 1 test from Matica (5 ms total)

[----------] Global test environment tear-down
[==========] 1 test from 1 test suite ran. (5 ms total)
[  PASSED  ] 1 test.
<end of output>
Test time =   0.01 sec
----------------------------------------------------------
Test Passed.
"Matica.add" end time: Mar 04 18:31 CET
"Matica.add" time elapsed: 00:00:00
----------------------------------------------------------

16/25 Testing: Matica.multiply_matrix
16/25 Test: Matica.multiply_matrix
Command: "/home/filipjanuska/Desktop/IVS_Projekt_1/assignment/build/white_box_test" "--gtest_filter=Matica.multiply_matrix"
Directory: /home/filipjanuska/Desktop/IVS_Projekt_1/assignment/build
"Matica.multiply_matrix" start time: Mar 04 18:31 CET
Output:
----------------------------------------------------------
Running main() from /home/filipjanuska/Desktop/IVS_Projekt_1/assignment/build/googletest-master/googletest/src/gtest_main.cc
Note: Google Test filter = Matica.multiply_matrix
[==========] Running 1 test from 1 test suite.
[----------] Global test environment set-up.
[----------] 1 test from Matica
[ RUN      ] Matica.multiply_matrix
[       OK ] Matica.multiply_matrix (12 ms)
[----------] 1 test from Matica (12 ms total)

[----------] Global test environment tear-down
[==========] 1 test from 1 test suite ran. (12 ms total)
[  PASSED  ] 1 test.
<end of output>
Test time =   0.02 sec
----------------------------------------------------------
Test Passed.
"Matica.multiply_matrix" end time: Mar 04 18:31 CET
"Matica.multiply_matrix" time elapsed: 00:00:00
----------------------------------------------------------

17/25 Testing: Matica.multiply_scalar
17/25 Test: Matica.multiply_scalar
Command: "/home/filipjanuska/Desktop/IVS_Projekt_1/assignment/build/white_box_test" "--gtest_filter=Matica.multiply_scalar"
Directory: /home/filipjanuska/Desktop/IVS_Projekt_1/assignment/build
"Matica.multiply_scalar" start time: Mar 04 18:31 CET
Output:
----------------------------------------------------------
Running main() from /home/filipjanuska/Desktop/IVS_Projekt_1/assignment/build/googletest-master/googletest/src/gtest_main.cc
Note: Google Test filter = Matica.multiply_scalar
[==========] Running 1 test from 1 test suite.
[----------] Global test environment set-up.
[----------] 1 test from Matica
[ RUN      ] Matica.multiply_scalar
[       OK ] Matica.multiply_scalar (50 ms)
[----------] 1 test from Matica (50 ms total)

[----------] Global test environment tear-down
[==========] 1 test from 1 test suite ran. (50 ms total)
[  PASSED  ] 1 test.
<end of output>
Test time =   0.05 sec
----------------------------------------------------------
Test Passed.
"Matica.multiply_scalar" end time: Mar 04 18:31 CET
"Matica.multiply_scalar" time elapsed: 00:00:00
----------------------------------------------------------

18/25 Testing: Matica.solve
18/25 Test: Matica.solve
Command: "/home/filipjanuska/Desktop/IVS_Projekt_1/assignment/build/white_box_test" "--gtest_filter=Matica.solve"
Directory: /home/filipjanuska/Desktop/IVS_Projekt_1/assignment/build
"Matica.solve" start time: Mar 04 18:31 CET
Output:
----------------------------------------------------------
Running main() from /home/filipjanuska/Desktop/IVS_Projekt_1/assignment/build/googletest-master/googletest/src/gtest_main.cc
Note: Google Test filter = Matica.solve
[==========] Running 1 test from 1 test suite.
[----------] Global test environment set-up.
[----------] 1 test from Matica
[ RUN      ] Matica.solve
[       OK ] Matica.solve (6 ms)
[----------] 1 test from Matica (6 ms total)

[----------] Global test environment tear-down
[==========] 1 test from 1 test suite ran. (6 ms total)
[  PASSED  ] 1 test.
<end of output>
Test time =   0.01 sec
----------------------------------------------------------
Test Passed.
"Matica.solve" end time: Mar 04 18:31 CET
"Matica.solve" time elapsed: 00:00:00
----------------------------------------------------------

19/25 Testing: NonEmptyQueue.Insert
19/25 Test: NonEmptyQueue.Insert
Command: "/home/filipjanuska/Desktop/IVS_Projekt_1/assignment/build/tdd_test" "--gtest_filter=NonEmptyQueue.Insert"
Directory: /home/filipjanuska/Desktop/IVS_Projekt_1/assignment/build
"NonEmptyQueue.Insert" start time: Mar 04 18:31 CET
Output:
----------------------------------------------------------
Running main() from /home/filipjanuska/Desktop/IVS_Projekt_1/assignment/build/googletest-master/googletest/src/gtest_main.cc
Note: Google Test filter = NonEmptyQueue.Insert
[==========] Running 1 test from 1 test suite.
[----------] Global test environment set-up.
[----------] 1 test from NonEmptyQueue
[ RUN      ] NonEmptyQueue.Insert
[       OK ] NonEmptyQueue.Insert (0 ms)
[----------] 1 test from NonEmptyQueue (0 ms total)

[----------] Global test environment tear-down
[==========] 1 test from 1 test suite ran. (1 ms total)
[  PASSED  ] 1 test.
<end of output>
Test time =   0.01 sec
----------------------------------------------------------
Test Passed.
"NonEmptyQueue.Insert" end time: Mar 04 18:31 CET
"NonEmptyQueue.Insert" time elapsed: 00:00:00
----------------------------------------------------------

20/25 Testing: NonEmptyQueue.RemoveAllForward
20/25 Test: NonEmptyQueue.RemoveAllForward
Command: "/home/filipjanuska/Desktop/IVS_Projekt_1/assignment/build/tdd_test" "--gtest_filter=NonEmptyQueue.RemoveAllForward"
Directory: /home/filipjanuska/Desktop/IVS_Projekt_1/assignment/build
"NonEmptyQueue.RemoveAllForward" start time: Mar 04 18:31 CET
Output:
----------------------------------------------------------
Running main() from /home/filipjanuska/Desktop/IVS_Projekt_1/assignment/build/googletest-master/googletest/src/gtest_main.cc
Note: Google Test filter = NonEmptyQueue.RemoveAllForward
[==========] Running 1 test from 1 test suite.
[----------] Global test environment set-up.
[----------] 1 test from NonEmptyQueue
[ RUN      ] NonEmptyQueue.RemoveAllForward
[       OK ] NonEmptyQueue.RemoveAllForward (0 ms)
[----------] 1 test from NonEmptyQueue (0 ms total)

[----------] Global test environment tear-down
[==========] 1 test from 1 test suite ran. (0 ms total)
[  PASSED  ] 1 test.
<end of output>
Test time =   0.00 sec
----------------------------------------------------------
Test Passed.
"NonEmptyQueue.RemoveAllForward" end time: Mar 04 18:31 CET
"NonEmptyQueue.RemoveAllForward" time elapsed: 00:00:00
----------------------------------------------------------

21/25 Testing: NonEmptyQueue.RemoveAllBackward
21/25 Test: NonEmptyQueue.RemoveAllBackward
Command: "/home/filipjanuska/Desktop/IVS_Projekt_1/assignment/build/tdd_test" "--gtest_filter=NonEmptyQueue.RemoveAllBackward"
Directory: /home/filipjanuska/Desktop/IVS_Projekt_1/assignment/build
"NonEmptyQueue.RemoveAllBackward" start time: Mar 04 18:31 CET
Output:
----------------------------------------------------------
Running main() from /home/filipjanuska/Desktop/IVS_Projekt_1/assignment/build/googletest-master/googletest/src/gtest_main.cc
Note: Google Test filter = NonEmptyQueue.RemoveAllBackward
[==========] Running 1 test from 1 test suite.
[----------] Global test environment set-up.
[----------] 1 test from NonEmptyQueue
[ RUN      ] NonEmptyQueue.RemoveAllBackward
[       OK ] NonEmptyQueue.RemoveAllBackward (0 ms)
[----------] 1 test from NonEmptyQueue (0 ms total)

[----------] Global test environment tear-down
[==========] 1 test from 1 test suite ran. (0 ms total)
[  PASSED  ] 1 test.
<end of output>
Test time =   0.00 sec
----------------------------------------------------------
Test Passed.
"NonEmptyQueue.RemoveAllBackward" end time: Mar 04 18:31 CET
"NonEmptyQueue.RemoveAllBackward" time elapsed: 00:00:00
----------------------------------------------------------

22/25 Testing: NonEmptyQueue.Find
22/25 Test: NonEmptyQueue.Find
Command: "/home/filipjanuska/Desktop/IVS_Projekt_1/assignment/build/tdd_test" "--gtest_filter=NonEmptyQueue.Find"
Directory: /home/filipjanuska/Desktop/IVS_Projekt_1/assignment/build
"NonEmptyQueue.Find" start time: Mar 04 18:31 CET
Output:
----------------------------------------------------------
Running main() from /home/filipjanuska/Desktop/IVS_Projekt_1/assignment/build/googletest-master/googletest/src/gtest_main.cc
Note: Google Test filter = NonEmptyQueue.Find
[==========] Running 1 test from 1 test suite.
[----------] Global test environment set-up.
[----------] 1 test from NonEmptyQueue
[ RUN      ] NonEmptyQueue.Find
[       OK ] NonEmptyQueue.Find (0 ms)
[----------] 1 test from NonEmptyQueue (0 ms total)

[----------] Global test environment tear-down
[==========] 1 test from 1 test suite ran. (0 ms total)
[  PASSED  ] 1 test.
<end of output>
Test time =   0.00 sec
----------------------------------------------------------
Test Passed.
"NonEmptyQueue.Find" end time: Mar 04 18:31 CET
"NonEmptyQueue.Find" time elapsed: 00:00:00
----------------------------------------------------------

23/25 Testing: EmptyQueue.Insert
23/25 Test: EmptyQueue.Insert
Command: "/home/filipjanuska/Desktop/IVS_Projekt_1/assignment/build/tdd_test" "--gtest_filter=EmptyQueue.Insert"
Directory: /home/filipjanuska/Desktop/IVS_Projekt_1/assignment/build
"EmptyQueue.Insert" start time: Mar 04 18:31 CET
Output:
----------------------------------------------------------
Running main() from /home/filipjanuska/Desktop/IVS_Projekt_1/assignment/build/googletest-master/googletest/src/gtest_main.cc
Note: Google Test filter = EmptyQueue.Insert
[==========] Running 1 test from 1 test suite.
[----------] Global test environment set-up.
[----------] 1 test from EmptyQueue
[ RUN      ] EmptyQueue.Insert
[       OK ] EmptyQueue.Insert (0 ms)
[----------] 1 test from EmptyQueue (0 ms total)

[----------] Global test environment tear-down
[==========] 1 test from 1 test suite ran. (0 ms total)
[  PASSED  ] 1 test.
<end of output>
Test time =   0.00 sec
----------------------------------------------------------
Test Passed.
"EmptyQueue.Insert" end time: Mar 04 18:31 CET
"EmptyQueue.Insert" time elapsed: 00:00:00
----------------------------------------------------------

24/25 Testing: EmptyQueue.Remove
24/25 Test: EmptyQueue.Remove
Command: "/home/filipjanuska/Desktop/IVS_Projekt_1/assignment/build/tdd_test" "--gtest_filter=EmptyQueue.Remove"
Directory: /home/filipjanuska/Desktop/IVS_Projekt_1/assignment/build
"EmptyQueue.Remove" start time: Mar 04 18:31 CET
Output:
----------------------------------------------------------
Running main() from /home/filipjanuska/Desktop/IVS_Projekt_1/assignment/build/googletest-master/googletest/src/gtest_main.cc
Note: Google Test filter = EmptyQueue.Remove
[==========] Running 1 test from 1 test suite.
[----------] Global test environment set-up.
[----------] 1 test from EmptyQueue
[ RUN      ] EmptyQueue.Remove
[       OK ] EmptyQueue.Remove (0 ms)
[----------] 1 test from EmptyQueue (0 ms total)

[----------] Global test environment tear-down
[==========] 1 test from 1 test suite ran. (0 ms total)
[  PASSED  ] 1 test.
<end of output>
Test time =   0.00 sec
----------------------------------------------------------
Test Passed.
"EmptyQueue.Remove" end time: Mar 04 18:31 CET
"EmptyQueue.Remove" time elapsed: 00:00:00
----------------------------------------------------------

25/25 Testing: EmptyQueue.Find
25/25 Test: EmptyQueue.Find
Command: "/home/filipjanuska/Desktop/IVS_Projekt_1/assignment/build/tdd_test" "--gtest_filter=EmptyQueue.Find"
Directory: /home/filipjanuska/Desktop/IVS_Projekt_1/assignment/build
"EmptyQueue.Find" start time: Mar 04 18:31 CET
Output:
----------------------------------------------------------
Running main() from /home/filipjanuska/Desktop/IVS_Projekt_1/assignment/build/googletest-master/googletest/src/gtest_main.cc
Note: Google Test filter = EmptyQueue.Find
[==========] Running 1 test from 1 test suite.
[----------] Global test environment set-up.
[----------] 1 test from EmptyQueue
[ RUN      ] EmptyQueue.Find
[       OK ] EmptyQueue.Find (0 ms)
[----------] 1 test from EmptyQueue (0 ms total)

[----------] Global test environment tear-down
[==========] 1 test from 1 test suite ran. (0 ms total)
[  PASSED  ] 1 test.
<end of output>
Test time =   0.00 sec
----------------------------------------------------------
Test Passed.
"EmptyQueue.Find" end time: Mar 04 18:31 CET
"EmptyQueue.Find" time elapsed: 00:00:00
----------------------------------------------------------

End testing: Mar 04 18:31 CET
